{"numTotalTestSuites":53,"numPassedTestSuites":48,"numFailedTestSuites":5,"numPendingTestSuites":0,"numTotalTests":202,"numPassedTests":192,"numFailedTests":10,"numPendingTests":0,"numTodoTests":0,"snapshot":{"added":0,"failure":false,"filesAdded":0,"filesRemoved":0,"filesRemovedList":[],"filesUnmatched":0,"filesUpdated":0,"matched":0,"total":0,"unchecked":0,"uncheckedKeysByFile":[],"unmatched":0,"updated":0,"didUpdate":false},"startTime":1772693568887,"success":false,"testResults":[{"assertionResults":[{"ancestorTitles":["resolveWeightToTier"],"fullName":"resolveWeightToTier weight 1 → haiku","status":"passed","title":"weight 1 → haiku","duration":1.8286999999999694,"failureMessages":[],"meta":{}},{"ancestorTitles":["resolveWeightToTier"],"fullName":"resolveWeightToTier weight 3 → haiku","status":"passed","title":"weight 3 → haiku","duration":0.2883000000000493,"failureMessages":[],"meta":{}},{"ancestorTitles":["resolveWeightToTier"],"fullName":"resolveWeightToTier weight 4 → sonnet","status":"passed","title":"weight 4 → sonnet","duration":0.20220000000000482,"failureMessages":[],"meta":{}},{"ancestorTitles":["resolveWeightToTier"],"fullName":"resolveWeightToTier weight 7 → sonnet","status":"passed","title":"weight 7 → sonnet","duration":0.13650000000001228,"failureMessages":[],"meta":{}},{"ancestorTitles":["resolveWeightToTier"],"fullName":"resolveWeightToTier weight 8 → opus","status":"passed","title":"weight 8 → opus","duration":0.14699999999999136,"failureMessages":[],"meta":{}},{"ancestorTitles":["resolveWeightToTier"],"fullName":"resolveWeightToTier weight 10 → opus","status":"passed","title":"weight 10 → opus","duration":0.1057999999999879,"failureMessages":[],"meta":{}},{"ancestorTitles":["resolveWeightToTier"],"fullName":"resolveWeightToTier out-of-range weight defaults to sonnet","status":"passed","title":"out-of-range weight defaults to sonnet","duration":0.16860000000002628,"failureMessages":[],"meta":{}},{"ancestorTitles":["dispatch"],"fullName":"dispatch updates job tier and status to in_execution","status":"passed","title":"updates job tier and status to in_execution","duration":6.282800000000009,"failureMessages":[],"meta":{}},{"ancestorTitles":["dispatch"],"fullName":"dispatch calls worker.run with correct prompt and model","status":"passed","title":"calls worker.run with correct prompt and model","duration":2.11790000000002,"failureMessages":[],"meta":{}},{"ancestorTitles":["dispatch"],"fullName":"dispatch renders template with job payload variables","status":"passed","title":"renders template with job payload variables","duration":2.786699999999996,"failureMessages":[],"meta":{}},{"ancestorTitles":["dispatch"],"fullName":"dispatch uses the correct tier model from config","status":"passed","title":"uses the correct tier model from config","duration":6.531900000000007,"failureMessages":[],"meta":{}},{"ancestorTitles":["dispatch"],"fullName":"dispatch uses fallback weight when job.weight is null","status":"passed","title":"uses fallback weight when job.weight is null","duration":1.605199999999968,"failureMessages":[],"meta":{}},{"ancestorTitles":["dispatch"],"fullName":"dispatch handles payload with missing context gracefully","status":"passed","title":"handles payload with missing context gracefully","duration":3.9285999999999603,"failureMessages":[],"meta":{}},{"ancestorTitles":["dispatch"],"fullName":"dispatch does not await worker.run (fire-and-forget)","status":"passed","title":"does not await worker.run (fire-and-forget)","duration":1.325400000000002,"failureMessages":[],"meta":{}}],"startTime":1772693570470,"endTime":1772693570498.3254,"status":"passed","message":"","name":"C:/Users/Temp User/.openclaw/src/router/dispatcher.test.ts"},{"assertionResults":[{"ancestorTitles":["Router E2E pipeline"],"fullName":"Router E2E pipeline 1. Happy path (sync): enqueueAndWait returns result inline","status":"passed","title":"1. Happy path (sync): enqueueAndWait returns result inline","duration":1105.8492999999999,"failureMessages":[],"meta":{}},{"ancestorTitles":["Router E2E pipeline"],"fullName":"Router E2E pipeline 2. Happy path (async): enqueue fires job:delivered event","status":"passed","title":"2. Happy path (async): enqueue fires job:delivered event","duration":1115.7375000000002,"failureMessages":[],"meta":{}},{"ancestorTitles":["Router E2E pipeline"],"fullName":"Router E2E pipeline 3. Trivial task → Haiku tier (weight 2)","status":"passed","title":"3. Trivial task → Haiku tier (weight 2)","duration":1141.1310999999996,"failureMessages":[],"meta":{}},{"ancestorTitles":["Router E2E pipeline"],"fullName":"Router E2E pipeline 4. Complex task → Opus tier (weight 9)","status":"passed","title":"4. Complex task → Opus tier (weight 9)","duration":1131.2675,"failureMessages":[],"meta":{}},{"ancestorTitles":["Router E2E pipeline"],"fullName":"Router E2E pipeline 5. Evaluator failure → fallback weight 5 → sonnet tier","status":"passed","title":"5. Evaluator failure → fallback weight 5 → sonnet tier","duration":1122.6394,"failureMessages":[],"meta":{}},{"ancestorTitles":["Router E2E pipeline"],"fullName":"Router E2E pipeline 6. Worker failure + retry: pre-seeded retry job succeeds","status":"passed","title":"6. Worker failure + retry: pre-seeded retry job succeeds","duration":1129.5265,"failureMessages":[],"meta":{}},{"ancestorTitles":["Router E2E pipeline"],"fullName":"Router E2E pipeline 7. Permanent failure: executor always fails, job ends up failed","status":"passed","title":"7. Permanent failure: executor always fails, job ends up failed","duration":1129.7983999999997,"failureMessages":[],"meta":{}},{"ancestorTitles":["Router E2E pipeline"],"fullName":"Router E2E pipeline 7b. Permanent failure via recovery: hung job exhausts retries","status":"passed","title":"7b. Permanent failure via recovery: hung job exhausts retries","duration":143.67829999999958,"failureMessages":[],"meta":{}},{"ancestorTitles":["Router E2E pipeline"],"fullName":"Router E2E pipeline 8. Hang detection: recovery resets hung job for retry","status":"passed","title":"8. Hang detection: recovery resets hung job for retry","duration":5195.093800000001,"failureMessages":[],"meta":{}},{"ancestorTitles":["Router E2E pipeline"],"fullName":"Router E2E pipeline 9. Gateway crash recovery: stuck jobs are recovered correctly","status":"passed","title":"9. Gateway crash recovery: stuck jobs are recovered correctly","duration":4177.2345000000005,"failureMessages":[],"meta":{}},{"ancestorTitles":["Router E2E pipeline"],"fullName":"Router E2E pipeline 10. Archive queries: queryArchive by issuer, status, date","status":"passed","title":"10. Archive queries: queryArchive by issuer, status, date","duration":5167.302100000001,"failureMessages":[],"meta":{}}],"startTime":1772693570003,"endTime":1772693592563.302,"status":"passed","message":"","name":"C:/Users/Temp User/.openclaw/src/router/e2e.test.ts"},{"assertionResults":[{"ancestorTitles":["parseEvaluatorResponse"],"fullName":"parseEvaluatorResponse parses valid JSON with weight and reasoning","status":"passed","title":"parses valid JSON with weight and reasoning","duration":1.096599999999853,"failureMessages":[],"meta":{}},{"ancestorTitles":["parseEvaluatorResponse"],"fullName":"parseEvaluatorResponse clamps weight above 10 down to 10","status":"passed","title":"clamps weight above 10 down to 10","duration":0.2055000000000291,"failureMessages":[],"meta":{}},{"ancestorTitles":["parseEvaluatorResponse"],"fullName":"parseEvaluatorResponse clamps weight below 1 up to 1","status":"passed","title":"clamps weight below 1 up to 1","duration":0.09540000000015425,"failureMessages":[],"meta":{}},{"ancestorTitles":["parseEvaluatorResponse"],"fullName":"parseEvaluatorResponse rounds fractional weight","status":"passed","title":"rounds fractional weight","duration":0.08300000000008367,"failureMessages":[],"meta":{}},{"ancestorTitles":["parseEvaluatorResponse"],"fullName":"parseEvaluatorResponse handles JSON wrapped in markdown fencing","status":"passed","title":"handles JSON wrapped in markdown fencing","duration":0.1081000000003769,"failureMessages":[],"meta":{}},{"ancestorTitles":["parseEvaluatorResponse"],"fullName":"parseEvaluatorResponse extracts number from non-JSON response","status":"passed","title":"extracts number from non-JSON response","duration":0.1331000000000131,"failureMessages":[],"meta":{}},{"ancestorTitles":["parseEvaluatorResponse"],"fullName":"parseEvaluatorResponse returns fallback for completely unparseable response","status":"passed","title":"returns fallback for completely unparseable response","duration":0.20810000000028595,"failureMessages":[],"meta":{}},{"ancestorTitles":["parseEvaluatorResponse"],"fullName":"parseEvaluatorResponse provides default reasoning when JSON has no reasoning field","status":"passed","title":"provides default reasoning when JSON has no reasoning field","duration":0.10829999999987194,"failureMessages":[],"meta":{}},{"ancestorTitles":["parseEvaluatorResponse"],"fullName":"parseEvaluatorResponse handles JSON with weight as string (non-number) — falls through to number extraction","status":"passed","title":"handles JSON with weight as string (non-number) — falls through to number extraction","duration":0.07029999999986103,"failureMessages":[],"meta":{}},{"ancestorTitles":["evaluate"],"fullName":"evaluate returns correct weight and reasoning from valid JSON response","status":"passed","title":"returns correct weight and reasoning from valid JSON response","duration":16.983799999999974,"failureMessages":[],"meta":{}},{"ancestorTitles":["evaluate"],"fullName":"evaluate clamps weight outside 1-10 range","status":"passed","title":"clamps weight outside 1-10 range","duration":0.9259999999999309,"failureMessages":[],"meta":{}},{"ancestorTitles":["evaluate"],"fullName":"evaluate extracts number from non-JSON response","status":"passed","title":"extracts number from non-JSON response","duration":0.7961999999997715,"failureMessages":[],"meta":{}},{"ancestorTitles":["evaluate"],"fullName":"evaluate returns fallback on completely unparseable response","status":"passed","title":"returns fallback on completely unparseable response","duration":0.7035000000000764,"failureMessages":[],"meta":{}},{"ancestorTitles":["evaluate"],"fullName":"evaluate returns fallback with 'evaluator failed' reasoning when LLM call throws","status":"failed","title":"returns fallback with 'evaluator failed' reasoning when LLM call throws","duration":3.271400000000085,"failureMessages":["AssertionError: expected 'both ollama and sonnet failed, using …' to be 'evaluator failed, using fallback' // Object.is equality\n    at C:/Users/Temp User/.openclaw/src/router/evaluator.test.ts:211:30\n    at processTicksAndRejections (node:internal/process/task_queues:103:5)\n    at file:///C:/Users/Temp%20User/.openclaw/node_modules/.pnpm/@vitest+runner@4.0.18/node_modules/@vitest/runner/dist/index.js:915:20"],"meta":{}},{"ancestorTitles":["evaluate"],"fullName":"evaluate returns fallback on HTTP error response","status":"failed","title":"returns fallback on HTTP error response","duration":1.1610000000000582,"failureMessages":["AssertionError: expected 'both ollama and sonnet failed, using …' to be 'evaluator failed, using fallback' // Object.is equality\n    at C:/Users/Temp User/.openclaw/src/router/evaluator.test.ts:222:30\n    at processTicksAndRejections (node:internal/process/task_queues:103:5)\n    at file:///C:/Users/Temp%20User/.openclaw/node_modules/.pnpm/@vitest+runner@4.0.18/node_modules/@vitest/runner/dist/index.js:915:20"],"meta":{}},{"ancestorTitles":["evaluate"],"fullName":"evaluate returns fallback on timeout (AbortError)","status":"failed","title":"returns fallback on timeout (AbortError)","duration":15.7817,"failureMessages":["AssertionError: expected 'both ollama and sonnet failed, using …' to be 'evaluator timed out, using fallback' // Object.is equality\n    at C:/Users/Temp User/.openclaw/src/router/evaluator.test.ts:246:30\n    at file:///C:/Users/Temp%20User/.openclaw/node_modules/.pnpm/@vitest+runner@4.0.18/node_modules/@vitest/runner/dist/index.js:915:20"],"meta":{}},{"ancestorTitles":["evaluate"],"fullName":"evaluate respects different fallback_weight values","status":"passed","title":"respects different fallback_weight values","duration":1.1518000000000939,"failureMessages":[],"meta":{}},{"ancestorTitles":["evaluate"],"fullName":"evaluate sends request to Ollama local API","status":"passed","title":"sends request to Ollama local API","duration":1.5801000000001295,"failureMessages":[],"meta":{}},{"ancestorTitles":["evaluate"],"fullName":"evaluate passes context through to template rendering","status":"passed","title":"passes context through to template rendering","duration":0.7279999999996107,"failureMessages":[],"meta":{}},{"ancestorTitles":["evaluate"],"fullName":"evaluate uses 'none' as context when not provided","status":"passed","title":"uses 'none' as context when not provided","duration":0.663300000000163,"failureMessages":[],"meta":{}}],"startTime":1772693571051,"endTime":1772693571097.6633,"status":"failed","message":"","name":"C:/Users/Temp User/.openclaw/src/router/evaluator.test.ts"},{"assertionResults":[{"ancestorTitles":["gateway-integration"],"fullName":"gateway-integration initGatewayRouter creates a router instance","status":"passed","title":"initGatewayRouter creates a router instance","duration":428.51890000000003,"failureMessages":[],"meta":{}},{"ancestorTitles":["gateway-integration"],"fullName":"gateway-integration initGatewayRouter with disabled config is a no-op","status":"passed","title":"initGatewayRouter with disabled config is a no-op","duration":69.79209999999989,"failureMessages":[],"meta":{}},{"ancestorTitles":["gateway-integration"],"fullName":"gateway-integration stopGatewayRouter cleans up","status":"passed","title":"stopGatewayRouter cleans up","duration":94.01369999999997,"failureMessages":[],"meta":{}},{"ancestorTitles":["gateway-integration"],"fullName":"gateway-integration createGatewayExecutor returns a function","status":"passed","title":"createGatewayExecutor returns a function","duration":75.74549999999999,"failureMessages":[],"meta":{}},{"ancestorTitles":["gateway-integration"],"fullName":"gateway-integration createGatewayExecutor calls callGateway with correct params","status":"passed","title":"createGatewayExecutor calls callGateway with correct params","duration":62.734899999999925,"failureMessages":[],"meta":{}},{"ancestorTitles":["gateway-integration"],"fullName":"gateway-integration double init doesn't crash (stops previous, starts new)","status":"passed","title":"double init doesn't crash (stops previous, starts new)","duration":107.60269999999991,"failureMessages":[],"meta":{}},{"ancestorTitles":["gateway-integration"],"fullName":"gateway-integration stopGatewayRouter when not initialized is safe (no-op)","status":"passed","title":"stopGatewayRouter when not initialized is safe (no-op)","duration":62.7817,"failureMessages":[],"meta":{}},{"ancestorTitles":["gateway-integration"],"fullName":"gateway-integration stopGatewayRouter called twice is safe","status":"passed","title":"stopGatewayRouter called twice is safe","duration":110.40809999999988,"failureMessages":[],"meta":{}},{"ancestorTitles":["gateway-integration"],"fullName":"gateway-integration routerCallGateway falls through for non-agent methods","status":"passed","title":"routerCallGateway falls through for non-agent methods","duration":109.40779999999995,"failureMessages":[],"meta":{}},{"ancestorTitles":["gateway-integration"],"fullName":"gateway-integration routerCallGateway falls through when router not initialized","status":"passed","title":"routerCallGateway falls through when router not initialized","duration":63.11929999999984,"failureMessages":[],"meta":{}},{"ancestorTitles":["gateway-integration"],"fullName":"gateway-integration routerCallGateway routes agent method through router (sync)","status":"passed","title":"routerCallGateway routes agent method through router (sync)","duration":94.42499999999995,"failureMessages":[],"meta":{}},{"ancestorTitles":["gateway-integration"],"fullName":"gateway-integration routerCallGateway routes agent method through router (async mode)","status":"passed","title":"routerCallGateway routes agent method through router (async mode)","duration":111.05270000000019,"failureMessages":[],"meta":{}},{"ancestorTitles":["gateway-integration"],"fullName":"gateway-integration createGatewayExecutor throws on error response","status":"passed","title":"createGatewayExecutor throws on error response","duration":63.51279999999997,"failureMessages":[],"meta":{}}],"startTime":1772693569677,"endTime":1772693571130.5127,"status":"passed","message":"","name":"C:/Users/Temp User/.openclaw/src/router/gateway-integration.test.ts"},{"assertionResults":[{"ancestorTitles":["router service entry (index.ts)"],"fullName":"router service entry (index.ts) startRouter initializes without error","status":"passed","title":"startRouter initializes without error","duration":132.8146999999999,"failureMessages":[],"meta":{}},{"ancestorTitles":["router service entry (index.ts)"],"fullName":"router service entry (index.ts) runs recovery on startup for stuck jobs","status":"passed","title":"runs recovery on startup for stuck jobs","duration":240.6342000000002,"failureMessages":[],"meta":{}},{"ancestorTitles":["router service entry (index.ts)"],"fullName":"router service entry (index.ts) enqueue returns a valid job ID","status":"passed","title":"enqueue returns a valid job ID","duration":108.64620000000014,"failureMessages":[],"meta":{}},{"ancestorTitles":["router service entry (index.ts)"],"fullName":"router service entry (index.ts) enqueueAndWait resolves when job completes","status":"passed","title":"enqueueAndWait resolves when job completes","duration":1111.5936000000002,"failureMessages":[],"meta":{}},{"ancestorTitles":["router service entry (index.ts)"],"fullName":"router service entry (index.ts) enqueueAndWait times out if job never completes","status":"passed","title":"enqueueAndWait times out if job never completes","duration":600.7397000000001,"failureMessages":[],"meta":{}},{"ancestorTitles":["router service entry (index.ts)"],"fullName":"router service entry (index.ts) getStatus returns correct counts","status":"passed","title":"getStatus returns correct counts","duration":1173.1078999999995,"failureMessages":[],"meta":{}},{"ancestorTitles":["router service entry (index.ts)"],"fullName":"router service entry (index.ts) stop() prevents further processing","status":"passed","title":"stop() prevents further processing","duration":142.63460000000032,"failureMessages":[],"meta":{}},{"ancestorTitles":["router service entry (index.ts)"],"fullName":"router service entry (index.ts) full pipeline: enqueue → evaluate → dispatch → execute → notify → archive","status":"passed","title":"full pipeline: enqueue → evaluate → dispatch → execute → notify → archive","duration":1165.8989999999994,"failureMessages":[],"meta":{}}],"startTime":1772693569987,"endTime":1772693574663.899,"status":"passed","message":"","name":"C:/Users/Temp User/.openclaw/src/router/index.test.ts"},{"assertionResults":[{"ancestorTitles":["context isolation"],"fullName":"context isolation executor creates sessions under router-executor agent","status":"passed","title":"executor creates sessions under router-executor agent","duration":447.41690000000006,"failureMessages":[],"meta":{}},{"ancestorTitles":["context isolation"],"fullName":"context isolation executor never creates sessions under main agent","status":"passed","title":"executor never creates sessions under main agent","duration":67.85310000000004,"failureMessages":[],"meta":{}},{"ancestorTitles":["context isolation"],"fullName":"context isolation executor cleans up session after execution","status":"passed","title":"executor cleans up session after execution","duration":61.628600000000006,"failureMessages":[],"meta":{}},{"ancestorTitles":["context isolation"],"fullName":"context isolation routerCallGateway renders tier template and replaces message","status":"passed","title":"routerCallGateway renders tier template and replaces message","duration":170.2102,"failureMessages":[],"meta":{}},{"ancestorTitles":["context isolation"],"fullName":"context isolation routerCallGateway patches session with evaluated model","status":"failed","title":"routerCallGateway patches session with evaluated model","duration":108.76890000000003,"failureMessages":["AssertionError: expected 'anthropic/claude-sonnet-4-5' to be 'anthropic/claude-haiku-4-5' // Object.is equality\n    at C:/Users/Temp User/.openclaw/src/router/isolation.test.ts:231:37\n    at processTicksAndRejections (node:internal/process/task_queues:103:5)\n    at file:///C:/Users/Temp%20User/.openclaw/node_modules/.pnpm/@vitest+runner@4.0.18/node_modules/@vitest/runner/dist/index.js:915:20"],"meta":{}},{"ancestorTitles":["context isolation","weight-to-tier mapping"],"fullName":"context isolation weight-to-tier mapping weight 1 → haiku","status":"failed","title":"weight 1 → haiku","duration":108.38220000000001,"failureMessages":["AssertionError: expected 'anthropic/claude-sonnet-4-5' to be 'anthropic/claude-haiku-4-5' // Object.is equality\n    at C:/Users/Temp User/.openclaw/src/router/isolation.test.ts:255:39\n    at processTicksAndRejections (node:internal/process/task_queues:103:5)\n    at file:///C:/Users/Temp%20User/.openclaw/node_modules/.pnpm/@vitest+runner@4.0.18/node_modules/@vitest/runner/dist/index.js:915:20"],"meta":{}},{"ancestorTitles":["context isolation","weight-to-tier mapping"],"fullName":"context isolation weight-to-tier mapping weight 5 → sonnet","status":"passed","title":"weight 5 → sonnet","duration":111.20929999999998,"failureMessages":[],"meta":{}},{"ancestorTitles":["context isolation","weight-to-tier mapping"],"fullName":"context isolation weight-to-tier mapping weight 9 → opus","status":"failed","title":"weight 9 → opus","duration":108.66480000000001,"failureMessages":["AssertionError: expected 'anthropic/claude-sonnet-4-5' to be 'anthropic/claude-opus-4-6' // Object.is equality\n    at C:/Users/Temp User/.openclaw/src/router/isolation.test.ts:291:39\n    at processTicksAndRejections (node:internal/process/task_queues:103:5)\n    at file:///C:/Users/Temp%20User/.openclaw/node_modules/.pnpm/@vitest+runner@4.0.18/node_modules/@vitest/runner/dist/index.js:915:20"],"meta":{}},{"ancestorTitles":["context isolation"],"fullName":"context isolation different tiers produce different template content","status":"failed","title":"different tiers produce different template content","duration":62.00929999999994,"failureMessages":["AssertionError: expected 'You are a task executor. Complete the…' to contain 'no tools'\n    at C:/Users/Temp User/.openclaw/src/router/isolation.test.ts:323:25\n    at file:///C:/Users/Temp%20User/.openclaw/node_modules/.pnpm/@vitest+runner@4.0.18/node_modules/@vitest/runner/dist/index.js:915:20"],"meta":{}},{"ancestorTitles":["context isolation"],"fullName":"context isolation templates contain no references to workspace/personality files","status":"passed","title":"templates contain no references to workspace/personality files","duration":63.88879999999995,"failureMessages":[],"meta":{}},{"ancestorTitles":["context isolation"],"fullName":"context isolation routerCallGateway logs decision to SQLite archive","status":"failed","title":"routerCallGateway logs decision to SQLite archive","duration":205.5363000000002,"failureMessages":["AssertionError: expected 5 to be 3 // Object.is equality\n    at C:/Users/Temp User/.openclaw/src/router/isolation.test.ts:388:24\n    at file:///C:/Users/Temp%20User/.openclaw/node_modules/.pnpm/@vitest+runner@4.0.18/node_modules/@vitest/runner/dist/index.js:915:20"],"meta":{}},{"ancestorTitles":["context isolation"],"fullName":"context isolation routerCallGateway falls through to callGateway on evaluation failure","status":"failed","title":"routerCallGateway falls through to callGateway on evaluation failure","duration":80.61389999999983,"failureMessages":["AssertionError: expected 'You are a task complexity evaluator. …' to be 'original message' // Object.is equality\n    at C:/Users/Temp User/.openclaw/src/router/isolation.test.ts:450:39\n    at processTicksAndRejections (node:internal/process/task_queues:103:5)\n    at file:///C:/Users/Temp%20User/.openclaw/node_modules/.pnpm/@vitest+runner@4.0.18/node_modules/@vitest/runner/dist/index.js:915:20"],"meta":{}},{"ancestorTitles":["context isolation"],"fullName":"context isolation auth sync copies auth files to executor agent","status":"failed","title":"auth sync copies auth files to executor agent","duration":94.94689999999991,"failureMessages":["AssertionError: expected false to be true // Object.is equality\n    at C:/Users/Temp User/.openclaw/src/router/isolation.test.ts:470:45\n    at processTicksAndRejections (node:internal/process/task_queues:103:5)\n    at file:///C:/Users/Temp%20User/.openclaw/node_modules/.pnpm/@vitest+runner@4.0.18/node_modules/@vitest/runner/dist/index.js:915:20"],"meta":{}}],"startTime":1772693569622,"endTime":1772693571314.947,"status":"failed","message":"","name":"C:/Users/Temp User/.openclaw/src/router/isolation.test.ts"},{"assertionResults":[{"ancestorTitles":["startRouterLoop"],"fullName":"startRouterLoop picks up in_queue job: evaluate → update weight → dispatch","status":"passed","title":"picks up in_queue job: evaluate → update weight → dispatch","duration":56.574199999999905,"failureMessages":[],"meta":{}},{"ancestorTitles":["startRouterLoop"],"fullName":"startRouterLoop does nothing when queue is empty","status":"passed","title":"does nothing when queue is empty","duration":36.43680000000006,"failureMessages":[],"meta":{}},{"ancestorTitles":["startRouterLoop"],"fullName":"startRouterLoop handles evaluator returning fallback weight","status":"passed","title":"handles evaluator returning fallback weight","duration":37.63920000000007,"failureMessages":[],"meta":{}},{"ancestorTitles":["startRouterLoop"],"fullName":"startRouterLoop catches dispatch errors and marks job as failed","status":"passed","title":"catches dispatch errors and marks job as failed","duration":41.83379999999988,"failureMessages":[],"meta":{}},{"ancestorTitles":["startRouterLoop"],"fullName":"startRouterLoop catches evaluator rejection and marks job as failed","status":"passed","title":"catches evaluator rejection and marks job as failed","duration":42.544599999999946,"failureMessages":[],"meta":{}},{"ancestorTitles":["startRouterLoop"],"fullName":"startRouterLoop watchdog detects hung job (stale checkpoint) and resets to pending","status":"passed","title":"watchdog detects hung job (stale checkpoint) and resets to pending","duration":49.847499999999854,"failureMessages":[],"meta":{}},{"ancestorTitles":["startRouterLoop"],"fullName":"startRouterLoop watchdog marks job as permanently failed after max retries","status":"passed","title":"watchdog marks job as permanently failed after max retries","duration":37.27839999999992,"failureMessages":[],"meta":{}},{"ancestorTitles":["startRouterLoop"],"fullName":"startRouterLoop retry job gets dispatched directly, skipping evaluation","status":"passed","title":"retry job gets dispatched directly, skipping evaluation","duration":34.87910000000011,"failureMessages":[],"meta":{}},{"ancestorTitles":["startRouterLoop"],"fullName":"startRouterLoop stop() prevents further processing","status":"passed","title":"stop() prevents further processing","duration":46.000299999999925,"failureMessages":[],"meta":{}},{"ancestorTitles":["startRouterLoop"],"fullName":"startRouterLoop stop() clears pending watchdog timeouts","status":"passed","title":"stop() clears pending watchdog timeouts","duration":44.71789999999987,"failureMessages":[],"meta":{}},{"ancestorTitles":["startRouterLoop"],"fullName":"startRouterLoop processes multiple jobs in FIFO order","status":"passed","title":"processes multiple jobs in FIFO order","duration":60.68550000000005,"failureMessages":[],"meta":{}},{"ancestorTitles":["startRouterLoop"],"fullName":"startRouterLoop retry job is not dispatched until 5 seconds after updated_at","status":"passed","title":"retry job is not dispatched until 5 seconds after updated_at","duration":30.883799999999837,"failureMessages":[],"meta":{}},{"ancestorTitles":["startRouterLoop"],"fullName":"startRouterLoop handles payload with no context field","status":"passed","title":"handles payload with no context field","duration":51.42280000000005,"failureMessages":[],"meta":{}},{"ancestorTitles":["startRouterLoop"],"fullName":"startRouterLoop catches dispatch error on retry and marks job failed","status":"passed","title":"catches dispatch error on retry and marks job failed","duration":37.624900000000025,"failureMessages":[],"meta":{}},{"ancestorTitles":["startRouterLoop"],"fullName":"startRouterLoop emits job:failed event when dispatch throws","status":"passed","title":"emits job:failed event when dispatch throws","duration":44.218399999999974,"failureMessages":[],"meta":{}},{"ancestorTitles":["startRouterLoop"],"fullName":"startRouterLoop emits job:failed event when evaluator throws","status":"passed","title":"emits job:failed event when evaluator throws","duration":37.720800000000054,"failureMessages":[],"meta":{}},{"ancestorTitles":["startRouterLoop"],"fullName":"startRouterLoop emits job:failed event when retry dispatch throws","status":"passed","title":"emits job:failed event when retry dispatch throws","duration":34.286600000000135,"failureMessages":[],"meta":{}},{"ancestorTitles":["startRouterLoop"],"fullName":"startRouterLoop does not emit job:failed on successful dispatch","status":"passed","title":"does not emit job:failed on successful dispatch","duration":39.56670000000008,"failureMessages":[],"meta":{}}],"startTime":1772693569974,"endTime":1772693570739.5667,"status":"passed","message":"","name":"C:/Users/Temp User/.openclaw/src/router/loop.test.ts"},{"assertionResults":[{"ancestorTitles":["notifier","startNotifier"],"fullName":"notifier startNotifier registers listeners on routerEvents","status":"passed","title":"registers listeners on routerEvents","duration":36.300899999999956,"failureMessages":[],"meta":{}},{"ancestorTitles":["notifier","startNotifier"],"fullName":"notifier startNotifier cleanup function removes listeners","status":"passed","title":"cleanup function removes listeners","duration":38.28929999999991,"failureMessages":[],"meta":{}},{"ancestorTitles":["notifier","on job:completed event"],"fullName":"notifier on job:completed event stamps delivered_at on the job","status":"passed","title":"stamps delivered_at on the job","duration":44.46769999999992,"failureMessages":[],"meta":{}},{"ancestorTitles":["notifier","on job:completed event"],"fullName":"notifier on job:completed event archives the job (removes from jobs table)","status":"passed","title":"archives the job (removes from jobs table)","duration":39.629900000000134,"failureMessages":[],"meta":{}},{"ancestorTitles":["notifier","on job:failed event"],"fullName":"notifier on job:failed event stamps delivered_at and archives job","status":"passed","title":"stamps delivered_at and archives job","duration":42.330999999999904,"failureMessages":[],"meta":{}},{"ancestorTitles":["notifier","job:delivered event"],"fullName":"notifier job:delivered event is emitted with job data when deliverResult runs","status":"passed","title":"is emitted with job data when deliverResult runs","duration":38.59810000000016,"failureMessages":[],"meta":{}},{"ancestorTitles":["notifier","deliverResult"],"fullName":"notifier deliverResult ignores unknown job IDs (no crash)","status":"passed","title":"ignores unknown job IDs (no crash)","duration":35.45720000000006,"failureMessages":[],"meta":{}},{"ancestorTitles":["notifier","deliverResult"],"fullName":"notifier deliverResult ignores non-terminal status jobs","status":"passed","title":"ignores non-terminal status jobs","duration":33.71429999999987,"failureMessages":[],"meta":{}},{"ancestorTitles":["notifier","waitForJob"],"fullName":"notifier waitForJob resolves when job:delivered fires for matching jobId","status":"passed","title":"resolves when job:delivered fires for matching jobId","duration":40.24519999999984,"failureMessages":[],"meta":{}},{"ancestorTitles":["notifier","waitForJob"],"fullName":"notifier waitForJob ignores job:delivered for different jobId","status":"passed","title":"ignores job:delivered for different jobId","duration":43.823500000000195,"failureMessages":[],"meta":{}},{"ancestorTitles":["notifier","waitForJob"],"fullName":"notifier waitForJob rejects on timeout","status":"passed","title":"rejects on timeout","duration":43.01670000000013,"failureMessages":[],"meta":{}},{"ancestorTitles":["notifier","waitForJob"],"fullName":"notifier waitForJob cleans up listener after resolution","status":"passed","title":"cleans up listener after resolution","duration":35.99739999999997,"failureMessages":[],"meta":{}},{"ancestorTitles":["notifier","waitForJob"],"fullName":"notifier waitForJob cleans up listener after timeout","status":"passed","title":"cleans up listener after timeout","duration":29.61850000000004,"failureMessages":[],"meta":{}},{"ancestorTitles":["notifier","waitForJob"],"fullName":"notifier waitForJob integrates end-to-end: startNotifier + waitForJob","status":"passed","title":"integrates end-to-end: startNotifier + waitForJob","duration":46.024900000000116,"failureMessages":[],"meta":{}}],"startTime":1772693569999,"endTime":1772693570547.025,"status":"passed","message":"","name":"C:/Users/Temp User/.openclaw/src/router/notifier.test.ts"},{"assertionResults":[{"ancestorTitles":["router queue schema"],"fullName":"router queue schema initializes without error","status":"passed","title":"initializes without error","duration":43.45270000000005,"failureMessages":[],"meta":{}},{"ancestorTitles":["router queue schema"],"fullName":"router queue schema creates both jobs and jobs_archive tables","status":"passed","title":"creates both jobs and jobs_archive tables","duration":3.702099999999973,"failureMessages":[],"meta":{}},{"ancestorTitles":["router queue schema"],"fullName":"router queue schema has WAL journal mode enabled","status":"passed","title":"has WAL journal mode enabled","duration":2.8103999999999587,"failureMessages":[],"meta":{}},{"ancestorTitles":["router queue schema"],"fullName":"router queue schema jobs table has all expected columns","status":"passed","title":"jobs table has all expected columns","duration":4.967700000000036,"failureMessages":[],"meta":{}},{"ancestorTitles":["router queue schema"],"fullName":"router queue schema jobs_archive table has all expected columns including archived_at","status":"passed","title":"jobs_archive table has all expected columns including archived_at","duration":3.0942999999999756,"failureMessages":[],"meta":{}},{"ancestorTitles":["router queue schema"],"fullName":"router queue schema is idempotent — calling initRouterDb twice on the same path succeeds","status":"passed","title":"is idempotent — calling initRouterDb twice on the same path succeeds","duration":8.580800000000067,"failureMessages":[],"meta":{}},{"ancestorTitles":["router queue operations","enqueue"],"fullName":"router queue operations enqueue returns a unique job ID for each enqueue call","status":"passed","title":"returns a unique job ID for each enqueue call","duration":33.76999999999998,"failureMessages":[],"meta":{}},{"ancestorTitles":["router queue operations","enqueue"],"fullName":"router queue operations enqueue inserts jobs with status in_queue","status":"passed","title":"inserts jobs with status in_queue","duration":39.65409999999997,"failureMessages":[],"meta":{}},{"ancestorTitles":["router queue operations","enqueue"],"fullName":"router queue operations enqueue sets created_at and updated_at automatically","status":"passed","title":"sets created_at and updated_at automatically","duration":42.434600000000046,"failureMessages":[],"meta":{}},{"ancestorTitles":["router queue operations","dequeue"],"fullName":"router queue operations dequeue returns null on empty queue","status":"passed","title":"returns null on empty queue","duration":39.70219999999995,"failureMessages":[],"meta":{}},{"ancestorTitles":["router queue operations","dequeue"],"fullName":"router queue operations dequeue returns the oldest job first (FIFO)","status":"passed","title":"returns the oldest job first (FIFO)","duration":40.986700000000155,"failureMessages":[],"meta":{}},{"ancestorTitles":["router queue operations","dequeue"],"fullName":"router queue operations dequeue sets status to evaluating","status":"passed","title":"sets status to evaluating","duration":40.6567,"failureMessages":[],"meta":{}},{"ancestorTitles":["router queue operations","dequeue"],"fullName":"router queue operations dequeue does not dequeue non-in_queue jobs","status":"passed","title":"does not dequeue non-in_queue jobs","duration":35.23289999999997,"failureMessages":[],"meta":{}},{"ancestorTitles":["router queue operations","updateJob"],"fullName":"router queue operations updateJob changes status and sets updated_at","status":"passed","title":"changes status and sets updated_at","duration":41.49530000000004,"failureMessages":[],"meta":{}},{"ancestorTitles":["router queue operations","updateJob"],"fullName":"router queue operations updateJob can set error and result","status":"passed","title":"can set error and result","duration":41.60030000000006,"failureMessages":[],"meta":{}},{"ancestorTitles":["router queue operations","updateJob"],"fullName":"router queue operations updateJob does nothing when fields is empty","status":"passed","title":"does nothing when fields is empty","duration":38.02369999999996,"failureMessages":[],"meta":{}},{"ancestorTitles":["router queue operations","getJob"],"fullName":"router queue operations getJob returns the correct job by ID","status":"passed","title":"returns the correct job by ID","duration":33.5766000000001,"failureMessages":[],"meta":{}},{"ancestorTitles":["router queue operations","getJob"],"fullName":"router queue operations getJob returns null for unknown ID","status":"passed","title":"returns null for unknown ID","duration":25.09680000000003,"failureMessages":[],"meta":{}},{"ancestorTitles":["router queue operations","archiveJob"],"fullName":"router queue operations archiveJob moves job from jobs to jobs_archive","status":"passed","title":"moves job from jobs to jobs_archive","duration":40.15730000000008,"failureMessages":[],"meta":{}},{"ancestorTitles":["router queue operations","archiveJob"],"fullName":"router queue operations archiveJob preserves all data and adds archived_at","status":"passed","title":"preserves all data and adds archived_at","duration":36.137699999999995,"failureMessages":[],"meta":{}},{"ancestorTitles":["router queue operations","archiveJob"],"fullName":"router queue operations archiveJob is a no-op for nonexistent job ID","status":"passed","title":"is a no-op for nonexistent job ID","duration":27.445400000000063,"failureMessages":[],"meta":{}},{"ancestorTitles":["router queue operations","getHungJobs"],"fullName":"router queue operations getHungJobs finds jobs with stale last_checkpoint","status":"passed","title":"finds jobs with stale last_checkpoint","duration":34.760499999999865,"failureMessages":[],"meta":{}},{"ancestorTitles":["router queue operations","getHungJobs"],"fullName":"router queue operations getHungJobs finds jobs with NULL last_checkpoint and stale started_at","status":"passed","title":"finds jobs with NULL last_checkpoint and stale started_at","duration":31.725599999999986,"failureMessages":[],"meta":{}},{"ancestorTitles":["router queue operations","getHungJobs"],"fullName":"router queue operations getHungJobs ignores jobs with recent checkpoints","status":"passed","title":"ignores jobs with recent checkpoints","duration":32.89229999999998,"failureMessages":[],"meta":{}},{"ancestorTitles":["router queue operations","getHungJobs"],"fullName":"router queue operations getHungJobs ignores jobs that are not in_execution","status":"passed","title":"ignores jobs that are not in_execution","duration":33.392900000000054,"failureMessages":[],"meta":{}},{"ancestorTitles":["router queue operations","getHungJobs"],"fullName":"router queue operations getHungJobs respects custom threshold","status":"passed","title":"respects custom threshold","duration":30.26800000000003,"failureMessages":[],"meta":{}},{"ancestorTitles":["router queue operations","getStuckJobs"],"fullName":"router queue operations getStuckJobs finds evaluating and in_execution jobs","status":"passed","title":"finds evaluating and in_execution jobs","duration":24.618400000000065,"failureMessages":[],"meta":{}},{"ancestorTitles":["router queue operations","getStuckJobs"],"fullName":"router queue operations getStuckJobs returns empty array when no stuck jobs exist","status":"passed","title":"returns empty array when no stuck jobs exist","duration":20.237100000000055,"failureMessages":[],"meta":{}},{"ancestorTitles":["router queue operations","queryArchive"],"fullName":"router queue operations queryArchive returns all archived jobs with no filters","status":"passed","title":"returns all archived jobs with no filters","duration":24.039099999999962,"failureMessages":[],"meta":{}},{"ancestorTitles":["router queue operations","queryArchive"],"fullName":"router queue operations queryArchive filters by issuer","status":"passed","title":"filters by issuer","duration":25.873799999999846,"failureMessages":[],"meta":{}},{"ancestorTitles":["router queue operations","queryArchive"],"fullName":"router queue operations queryArchive filters by status","status":"passed","title":"filters by status","duration":34.466499999999996,"failureMessages":[],"meta":{}},{"ancestorTitles":["router queue operations","queryArchive"],"fullName":"router queue operations queryArchive filters by type","status":"passed","title":"filters by type","duration":27.225799999999936,"failureMessages":[],"meta":{}},{"ancestorTitles":["router queue operations","queryArchive"],"fullName":"router queue operations queryArchive returns empty array when no match","status":"passed","title":"returns empty array when no match","duration":31.887300000000096,"failureMessages":[],"meta":{}},{"ancestorTitles":["router queue operations","queryArchive"],"fullName":"router queue operations queryArchive all archived jobs have archived_at set","status":"passed","title":"all archived jobs have archived_at set","duration":38.643100000000004,"failureMessages":[],"meta":{}}],"startTime":1772693569972,"endTime":1772693570989.643,"status":"passed","message":"","name":"C:/Users/Temp User/.openclaw/src/router/queue.test.ts"},{"assertionResults":[{"ancestorTitles":["recovery"],"fullName":"recovery resets evaluating job to in_queue","status":"passed","title":"resets evaluating job to in_queue","duration":49.7509,"failureMessages":[],"meta":{}},{"ancestorTitles":["recovery"],"fullName":"recovery resets in_execution job with retry_count 0 to pending, retry_count becomes 1","status":"passed","title":"resets in_execution job with retry_count 0 to pending, retry_count becomes 1","duration":40.17470000000003,"failureMessages":[],"meta":{}},{"ancestorTitles":["recovery"],"fullName":"recovery resets in_execution job with retry_count 1 to pending, retry_count becomes 2","status":"passed","title":"resets in_execution job with retry_count 1 to pending, retry_count becomes 2","duration":30.97199999999998,"failureMessages":[],"meta":{}},{"ancestorTitles":["recovery"],"fullName":"recovery marks in_execution job with retry_count 2 as failed","status":"passed","title":"marks in_execution job with retry_count 2 as failed","duration":45.24349999999981,"failureMessages":[],"meta":{}},{"ancestorTitles":["recovery"],"fullName":"recovery re-delivers undelivered completed job","status":"passed","title":"re-delivers undelivered completed job","duration":48.58789999999999,"failureMessages":[],"meta":{}},{"ancestorTitles":["recovery"],"fullName":"recovery re-delivers undelivered failed job","status":"passed","title":"re-delivers undelivered failed job","duration":42.05840000000012,"failureMessages":[],"meta":{}},{"ancestorTitles":["recovery"],"fullName":"recovery does NOT re-deliver already delivered completed job","status":"passed","title":"does NOT re-deliver already delivered completed job","duration":28.7817,"failureMessages":[],"meta":{}},{"ancestorTitles":["recovery"],"fullName":"recovery returns { recovered: 0, failed: 0 } when no stuck jobs","status":"passed","title":"returns { recovered: 0, failed: 0 } when no stuck jobs","duration":32.007499999999936,"failureMessages":[],"meta":{}},{"ancestorTitles":["recovery"],"fullName":"recovery handles mixed stuck jobs with correct counts","status":"passed","title":"handles mixed stuck jobs with correct counts","duration":82.49620000000004,"failureMessages":[],"meta":{}},{"ancestorTitles":["recovery"],"fullName":"recovery does not touch in_queue or pending jobs","status":"passed","title":"does not touch in_queue or pending jobs","duration":44.43089999999984,"failureMessages":[],"meta":{}}],"startTime":1772693569998,"endTime":1772693570442.431,"status":"passed","message":"","name":"C:/Users/Temp User/.openclaw/src/router/recovery.test.ts"},{"assertionResults":[{"ancestorTitles":["worker"],"fullName":"worker sets started_at and last_checkpoint when worker begins","status":"passed","title":"sets started_at and last_checkpoint when worker begins","duration":5.41070000000002,"failureMessages":[],"meta":{}},{"ancestorTitles":["worker"],"fullName":"worker marks job as completed with result on success","status":"passed","title":"marks job as completed with result on success","duration":1.3967000000000098,"failureMessages":[],"meta":{}},{"ancestorTitles":["worker"],"fullName":"worker marks job as failed with error on failure","status":"passed","title":"marks job as failed with error on failure","duration":0.44020000000000437,"failureMessages":[],"meta":{}},{"ancestorTitles":["worker"],"fullName":"worker heartbeat timer writes last_checkpoint every 30s","status":"passed","title":"heartbeat timer writes last_checkpoint every 30s","duration":2.992999999999995,"failureMessages":[],"meta":{}},{"ancestorTitles":["worker"],"fullName":"worker clears heartbeat timer on success (no more checkpoints after completion)","status":"passed","title":"clears heartbeat timer on success (no more checkpoints after completion)","duration":0.5389999999999873,"failureMessages":[],"meta":{}},{"ancestorTitles":["worker"],"fullName":"worker clears heartbeat timer on failure (no more checkpoints after failure)","status":"passed","title":"clears heartbeat timer on failure (no more checkpoints after failure)","duration":0.6852000000000089,"failureMessages":[],"meta":{}},{"ancestorTitles":["worker"],"fullName":"worker emits 'job:completed' event on success","status":"passed","title":"emits 'job:completed' event on success","duration":0.8718000000000075,"failureMessages":[],"meta":{}},{"ancestorTitles":["worker"],"fullName":"worker emits 'job:failed' event on failure","status":"passed","title":"emits 'job:failed' event on failure","duration":0.4674999999999727,"failureMessages":[],"meta":{}},{"ancestorTitles":["worker"],"fullName":"worker handles non-Error rejection values","status":"passed","title":"handles non-Error rejection values","duration":0.48619999999999663,"failureMessages":[],"meta":{}},{"ancestorTitles":["worker"],"fullName":"worker passes prompt and model to executor","status":"passed","title":"passes prompt and model to executor","duration":0.5472999999999502,"failureMessages":[],"meta":{}},{"ancestorTitles":["worker"],"fullName":"worker does not emit 'job:completed' on failure","status":"passed","title":"does not emit 'job:completed' on failure","duration":0.2884999999999991,"failureMessages":[],"meta":{}},{"ancestorTitles":["worker"],"fullName":"worker does not emit 'job:failed' on success","status":"passed","title":"does not emit 'job:failed' on success","duration":0.1811999999999898,"failureMessages":[],"meta":{}}],"startTime":1772693570124,"endTime":1772693570139.1812,"status":"passed","message":"","name":"C:/Users/Temp User/.openclaw/src/router/worker.test.ts"},{"assertionResults":[{"ancestorTitles":["auth-sync"],"fullName":"auth-sync copies files correctly when both exist","status":"passed","title":"copies files correctly when both exist","duration":9.174200000000042,"failureMessages":[],"meta":{}},{"ancestorTitles":["auth-sync"],"fullName":"auth-sync handles missing source gracefully (no throw)","status":"passed","title":"handles missing source gracefully (no throw)","duration":2.1054000000000315,"failureMessages":[],"meta":{}},{"ancestorTitles":["auth-sync"],"fullName":"auth-sync creates target directories","status":"passed","title":"creates target directories","duration":6.25139999999999,"failureMessages":[],"meta":{}},{"ancestorTitles":["auth-sync"],"fullName":"auth-sync e2e: full lifecycle — sync, update idempotency, no-op on missing auth","status":"passed","title":"e2e: full lifecycle — sync, update idempotency, no-op on missing auth","duration":13.73320000000001,"failureMessages":[],"meta":{}}],"startTime":1772693569694,"endTime":1772693569725.7332,"status":"passed","message":"","name":"C:/Users/Temp User/.openclaw/src/router/__tests__/auth-sync.test.ts"},{"assertionResults":[{"ancestorTitles":["SESSIONS_SPAWN_TOOL schema"],"fullName":"SESSIONS_SPAWN_TOOL schema includes resources property with file, url, and text types","status":"passed","title":"includes resources property with file, url, and text types","duration":176.4031,"failureMessages":[],"meta":{}},{"ancestorTitles":["SESSIONS_SPAWN_TOOL schema"],"fullName":"SESSIONS_SPAWN_TOOL schema resources is not in required fields (optional)","status":"passed","title":"resources is not in required fields (optional)","duration":1.3082999999999174,"failureMessages":[],"meta":{}},{"ancestorTitles":["SpawnParams type"],"fullName":"SpawnParams type accepts resources field with name and content","status":"passed","title":"accepts resources field with name and content","duration":0.5796000000000276,"failureMessages":[],"meta":{}},{"ancestorTitles":["SpawnParams type"],"fullName":"SpawnParams type resources is optional","status":"passed","title":"resources is optional","duration":0.12829999999996744,"failureMessages":[],"meta":{}},{"ancestorTitles":["file resource resolution"],"fullName":"file resource resolution reads file content for valid paths","status":"passed","title":"reads file content for valid paths","duration":2.331100000000106,"failureMessages":[],"meta":{}},{"ancestorTitles":["file resource resolution"],"fullName":"file resource resolution produces not-found message for missing files","status":"passed","title":"produces not-found message for missing files","duration":1.2086000000000467,"failureMessages":[],"meta":{}},{"ancestorTitles":["childTaskMessage resource blocks"],"fullName":"childTaskMessage resource blocks resources are formatted correctly in message","status":"passed","title":"resources are formatted correctly in message","duration":0.4148999999999887,"failureMessages":[],"meta":{}},{"ancestorTitles":["childTaskMessage resource blocks"],"fullName":"childTaskMessage resource blocks empty resources don't change the message","status":"passed","title":"empty resources don't change the message","duration":0.32759999999996126,"failureMessages":[],"meta":{}},{"ancestorTitles":["childTaskMessage resource blocks"],"fullName":"childTaskMessage resource blocks multiple resources are all appended","status":"passed","title":"multiple resources are all appended","duration":0.3968999999999596,"failureMessages":[],"meta":{}},{"ancestorTitles":["SpawnSubagentParams type"],"fullName":"SpawnSubagentParams type accepts resources field with name and content","status":"passed","title":"accepts resources field with name and content","duration":0.30559999999991305,"failureMessages":[],"meta":{}},{"ancestorTitles":["SpawnSubagentParams type"],"fullName":"SpawnSubagentParams type resources is optional","status":"passed","title":"resources is optional","duration":0.11869999999998981,"failureMessages":[],"meta":{}},{"ancestorTitles":["formatResourceBlocks"],"fullName":"formatResourceBlocks returns empty string for empty array","status":"passed","title":"returns empty string for empty array","duration":117.5154,"failureMessages":[],"meta":{}},{"ancestorTitles":["formatResourceBlocks"],"fullName":"formatResourceBlocks formats single resource as labeled block","status":"passed","title":"formats single resource as labeled block","duration":0.2799999999999727,"failureMessages":[],"meta":{}},{"ancestorTitles":["formatResourceBlocks"],"fullName":"formatResourceBlocks formats multiple resources with double-newline separation","status":"passed","title":"formats multiple resources with double-newline separation","duration":0.19470000000001164,"failureMessages":[],"meta":{}},{"ancestorTitles":["formatResourceBlocks"],"fullName":"formatResourceBlocks formats URL resources with URL marker in content","status":"passed","title":"formats URL resources with URL marker in content","duration":0.16460000000006403,"failureMessages":[],"meta":{}},{"ancestorTitles":["E2E: resource-passing through Router pipeline"],"fullName":"E2E: resource-passing through Router pipeline dispatches task with file, inline, and url resources — executor receives them in prompt","status":"passed","title":"dispatches task with file, inline, and url resources — executor receives them in prompt","duration":1062.8739999999998,"failureMessages":[],"meta":{}},{"ancestorTitles":["E2E: resource-passing through Router pipeline"],"fullName":"E2E: resource-passing through Router pipeline dispatches task without resources — executor prompt has no resource blocks","status":"passed","title":"dispatches task without resources — executor prompt has no resource blocks","duration":1062.4316000000001,"failureMessages":[],"meta":{}}],"startTime":1772693569683,"endTime":1772693572110.4316,"status":"passed","message":"","name":"C:/Users/Temp User/.openclaw/src/router/__tests__/resources.test.ts"},{"assertionResults":[{"ancestorTitles":["getTemplate"],"fullName":"getTemplate loads the haiku/agent_run template","status":"passed","title":"loads the haiku/agent_run template","duration":1.251800000000003,"failureMessages":[],"meta":{}},{"ancestorTitles":["getTemplate"],"fullName":"getTemplate loads the sonnet/agent_run template","status":"passed","title":"loads the sonnet/agent_run template","duration":0.3645999999999958,"failureMessages":[],"meta":{}},{"ancestorTitles":["getTemplate"],"fullName":"getTemplate loads the opus/agent_run template","status":"passed","title":"loads the opus/agent_run template","duration":0.33850000000001046,"failureMessages":[],"meta":{}},{"ancestorTitles":["getTemplate"],"fullName":"getTemplate throws a clear error for invalid tier/type","status":"passed","title":"throws a clear error for invalid tier/type","duration":0.751199999999983,"failureMessages":[],"meta":{}},{"ancestorTitles":["getTemplate"],"fullName":"getTemplate throws a clear error for completely invalid tier","status":"passed","title":"throws a clear error for completely invalid tier","duration":0.3299000000000092,"failureMessages":[],"meta":{}},{"ancestorTitles":["getTemplate"],"fullName":"getTemplate caches templates — second call does not re-read from disk","status":"passed","title":"caches templates — second call does not re-read from disk","duration":1.0050999999999988,"failureMessages":[],"meta":{}},{"ancestorTitles":["getTemplate"],"fullName":"getTemplate returns the exact file contents","status":"passed","title":"returns the exact file contents","duration":0.2839999999999918,"failureMessages":[],"meta":{}},{"ancestorTitles":["renderTemplate"],"fullName":"renderTemplate replaces all known variables","status":"passed","title":"replaces all known variables","duration":0.17599999999998772,"failureMessages":[],"meta":{}},{"ancestorTitles":["renderTemplate"],"fullName":"renderTemplate leaves unknown variables as-is (no crash)","status":"passed","title":"leaves unknown variables as-is (no crash)","duration":0.11609999999998877,"failureMessages":[],"meta":{}},{"ancestorTitles":["renderTemplate"],"fullName":"renderTemplate handles missing variables gracefully — leaves {var} in place","status":"passed","title":"handles missing variables gracefully — leaves {var} in place","duration":0.08990000000000009,"failureMessages":[],"meta":{}},{"ancestorTitles":["renderTemplate"],"fullName":"renderTemplate replaces multiple occurrences of the same variable","status":"passed","title":"replaces multiple occurrences of the same variable","duration":0.05629999999999313,"failureMessages":[],"meta":{}},{"ancestorTitles":["renderTemplate"],"fullName":"renderTemplate handles empty template","status":"passed","title":"handles empty template","duration":0.04870000000002506,"failureMessages":[],"meta":{}},{"ancestorTitles":["renderTemplate"],"fullName":"renderTemplate handles template with no placeholders","status":"passed","title":"handles template with no placeholders","duration":0.04600000000002069,"failureMessages":[],"meta":{}},{"ancestorTitles":["renderTemplate"],"fullName":"renderTemplate works end-to-end with a real template","status":"passed","title":"works end-to-end with a real template","duration":0.32689999999999486,"failureMessages":[],"meta":{}}],"startTime":1772693570710,"endTime":1772693570715.327,"status":"passed","message":"","name":"C:/Users/Temp User/.openclaw/src/router/templates/templates.test.ts"}]}